  Source.cpp
C:\Users\jakub\source\repos\SFML_2\SFML_2\Source.cpp(124,44): warning C4244: argument: int se převádí na float; může dojít ke ztrátě dat.
C:\Users\jakub\source\repos\SFML_2\SFML_2\Source.cpp(129,46): warning C4244: argument: int se převádí na float; může dojít ke ztrátě dat.
C:\Users\jakub\source\repos\SFML_2\SFML_2\Source.cpp(137,59): warning C4244: argument: int se převádí na float; může dojít ke ztrátě dat.
C:\Users\jakub\source\repos\SFML_2\SFML_2\Source.cpp(137,46): warning C4244: argument: int se převádí na float; může dojít ke ztrátě dat.
C:\Users\jakub\source\repos\SFML_2\SFML_2\Source.cpp(162,107): warning C4244: argument: int se převádí na T; může dojít ke ztrátě dat.
          with
          [
              T=float
          ]
C:\Users\jakub\source\repos\SFML_2\SFML_2\Source.cpp(162,86): warning C4244: argument: int se převádí na T; může dojít ke ztrátě dat.
          with
          [
              T=float
          ]
  Vytváří se kód.
  Compiler switch has changed, fall back to full compilation.
  All 11 functions were compiled because no usable IPDB/IOBJ from previous compilation was found.
  Vytváření kódu se dokončilo.
  SFML_2.vcxproj -> C:\Users\jakub\source\repos\SFML_2\x64\Release\SFML_2.exe
